<?xml version="1.0" encoding="UTF-8"?>
<testsuite xmlns:xsi="http://www.w3.org/2001/XMLSchema-instance" xsi:noNamespaceSchemaLocation="https://maven.apache.org/surefire/maven-surefire-plugin/xsd/surefire-test-report.xsd" name="Documents.main.CollisionCheckTest" time="0.046" tests="36" errors="0" skipped="0" failures="0">
  <properties>
    <property name="java.specification.version" value="21"/>
    <property name="sun.jnu.encoding" value="UTF-8"/>
    <property name="java.class.path" value="/Users/ryanmitchellin/Desktop/CMPT 276/assignments/MAZE GAME/CMPT276S24_group20/Documents/target/test-classes:/Users/ryanmitchellin/Desktop/CMPT 276/assignments/MAZE GAME/CMPT276S24_group20/Documents/target/classes:/Users/ryanmitchellin/.m2/repository/org/junit/jupiter/junit-jupiter-api/5.7.0/junit-jupiter-api-5.7.0.jar:/Users/ryanmitchellin/.m2/repository/org/apiguardian/apiguardian-api/1.1.0/apiguardian-api-1.1.0.jar:/Users/ryanmitchellin/.m2/repository/org/opentest4j/opentest4j/1.2.0/opentest4j-1.2.0.jar:/Users/ryanmitchellin/.m2/repository/org/junit/platform/junit-platform-commons/1.7.0/junit-platform-commons-1.7.0.jar:/Users/ryanmitchellin/.m2/repository/org/junit/jupiter/junit-jupiter-engine/5.7.0/junit-jupiter-engine-5.7.0.jar:/Users/ryanmitchellin/.m2/repository/org/junit/platform/junit-platform-engine/1.7.0/junit-platform-engine-1.7.0.jar:"/>
    <property name="java.vm.vendor" value="Homebrew"/>
    <property name="sun.arch.data.model" value="64"/>
    <property name="java.vendor.url" value="https://github.com/Homebrew/homebrew-core/issues"/>
    <property name="os.name" value="Mac OS X"/>
    <property name="java.vm.specification.version" value="21"/>
    <property name="sun.java.launcher" value="SUN_STANDARD"/>
    <property name="user.country" value="CA"/>
    <property name="sun.boot.library.path" value="/opt/homebrew/Cellar/openjdk/21.0.2/libexec/openjdk.jdk/Contents/Home/lib"/>
    <property name="sun.java.command" value="/Users/ryanmitchellin/Desktop/CMPT 276/assignments/MAZE GAME/CMPT276S24_group20/Documents/target/surefire/surefirebooter6167671518935492687.jar /Users/ryanmitchellin/Desktop/CMPT 276/assignments/MAZE GAME/CMPT276S24_group20/Documents/target/surefire 2024-04-11T00-48-03_691-jvmRun1 surefire14697104182283952095tmp surefire_016359197634990158542tmp"/>
    <property name="http.nonProxyHosts" value="local|*.local|169.254/16|*.169.254/16"/>
    <property name="jdk.debug" value="release"/>
    <property name="surefire.test.class.path" value="/Users/ryanmitchellin/Desktop/CMPT 276/assignments/MAZE GAME/CMPT276S24_group20/Documents/target/test-classes:/Users/ryanmitchellin/Desktop/CMPT 276/assignments/MAZE GAME/CMPT276S24_group20/Documents/target/classes:/Users/ryanmitchellin/.m2/repository/org/junit/jupiter/junit-jupiter-api/5.7.0/junit-jupiter-api-5.7.0.jar:/Users/ryanmitchellin/.m2/repository/org/apiguardian/apiguardian-api/1.1.0/apiguardian-api-1.1.0.jar:/Users/ryanmitchellin/.m2/repository/org/opentest4j/opentest4j/1.2.0/opentest4j-1.2.0.jar:/Users/ryanmitchellin/.m2/repository/org/junit/platform/junit-platform-commons/1.7.0/junit-platform-commons-1.7.0.jar:/Users/ryanmitchellin/.m2/repository/org/junit/jupiter/junit-jupiter-engine/5.7.0/junit-jupiter-engine-5.7.0.jar:/Users/ryanmitchellin/.m2/repository/org/junit/platform/junit-platform-engine/1.7.0/junit-platform-engine-1.7.0.jar:"/>
    <property name="sun.cpu.endian" value="little"/>
    <property name="user.home" value="/Users/ryanmitchellin"/>
    <property name="user.language" value="en"/>
    <property name="java.specification.vendor" value="Oracle Corporation"/>
    <property name="java.version.date" value="2024-01-16"/>
    <property name="java.home" value="/opt/homebrew/Cellar/openjdk/21.0.2/libexec/openjdk.jdk/Contents/Home"/>
    <property name="file.separator" value="/"/>
    <property name="basedir" value="/Users/ryanmitchellin/Desktop/CMPT 276/assignments/MAZE GAME/CMPT276S24_group20/Documents"/>
    <property name="java.vm.compressedOopsMode" value="Zero based"/>
    <property name="line.separator" value="&#10;"/>
    <property name="java.vm.specification.vendor" value="Oracle Corporation"/>
    <property name="java.specification.name" value="Java Platform API Specification"/>
    <property name="apple.awt.application.name" value="ForkedBooter"/>
    <property name="surefire.real.class.path" value="/Users/ryanmitchellin/Desktop/CMPT 276/assignments/MAZE GAME/CMPT276S24_group20/Documents/target/surefire/surefirebooter6167671518935492687.jar"/>
    <property name="sun.management.compiler" value="HotSpot 64-Bit Tiered Compilers"/>
    <property name="ftp.nonProxyHosts" value="local|*.local|169.254/16|*.169.254/16"/>
    <property name="java.runtime.version" value="21.0.2"/>
    <property name="user.name" value="ryanmitchellin"/>
    <property name="stdout.encoding" value="UTF-8"/>
    <property name="path.separator" value=":"/>
    <property name="os.version" value="14.4.1"/>
    <property name="java.runtime.name" value="OpenJDK Runtime Environment"/>
    <property name="file.encoding" value="UTF-8"/>
    <property name="java.vm.name" value="OpenJDK 64-Bit Server VM"/>
    <property name="java.vendor.version" value="Homebrew"/>
    <property name="localRepository" value="/Users/ryanmitchellin/.m2/repository"/>
    <property name="java.vendor.url.bug" value="https://github.com/Homebrew/homebrew-core/issues"/>
    <property name="java.io.tmpdir" value="/var/folders/_b/2z96myq94ygc2q9w3db1rq080000gn/T/"/>
    <property name="java.version" value="21.0.2"/>
    <property name="user.dir" value="/Users/ryanmitchellin/Desktop/CMPT 276/assignments/MAZE GAME/CMPT276S24_group20/Documents"/>
    <property name="os.arch" value="aarch64"/>
    <property name="java.vm.specification.name" value="Java Virtual Machine Specification"/>
    <property name="native.encoding" value="UTF-8"/>
    <property name="java.library.path" value="/Users/ryanmitchellin/Library/Java/Extensions:/Library/Java/Extensions:/Network/Library/Java/Extensions:/System/Library/Java/Extensions:/usr/lib/java:."/>
    <property name="java.vm.info" value="mixed mode, sharing"/>
    <property name="stderr.encoding" value="UTF-8"/>
    <property name="java.vendor" value="Homebrew"/>
    <property name="java.vm.version" value="21.0.2"/>
    <property name="sun.io.unicode.encoding" value="UnicodeBig"/>
    <property name="socksNonProxyHosts" value="local|*.local|169.254/16|*.169.254/16"/>
    <property name="java.class.version" value="65.0"/>
  </properties>
  <testcase name="tileCheckRightTest1" classname="Documents.main.CollisionCheckTest" time="0"/>
  <testcase name="tileCheckRightTest2" classname="Documents.main.CollisionCheckTest" time="0"/>
  <testcase name="tileCheckRightTest3" classname="Documents.main.CollisionCheckTest" time="0"/>
  <testcase name="objCheckUp1" classname="Documents.main.CollisionCheckTest" time="0.001"/>
  <testcase name="objCheckUp2" classname="Documents.main.CollisionCheckTest" time="0"/>
  <testcase name="objCheckUp3" classname="Documents.main.CollisionCheckTest" time="0.001"/>
  <testcase name="objCheckUp4" classname="Documents.main.CollisionCheckTest" time="0"/>
  <testcase name="entityCheckDown1" classname="Documents.main.CollisionCheckTest" time="0.003"/>
  <testcase name="entityCheckDown2" classname="Documents.main.CollisionCheckTest" time="0.003"/>
  <testcase name="entityCheckLeft1" classname="Documents.main.CollisionCheckTest" time="0.003"/>
  <testcase name="entityCheckLeft2" classname="Documents.main.CollisionCheckTest" time="0.004"/>
  <testcase name="objCheckRight1" classname="Documents.main.CollisionCheckTest" time="0"/>
  <testcase name="objCheckRight2" classname="Documents.main.CollisionCheckTest" time="0"/>
  <testcase name="objCheckRight3" classname="Documents.main.CollisionCheckTest" time="0.001"/>
  <testcase name="objCheckRight4" classname="Documents.main.CollisionCheckTest" time="0"/>
  <testcase name="tileCheckDownTest1" classname="Documents.main.CollisionCheckTest" time="0"/>
  <testcase name="tileCheckDownTest2" classname="Documents.main.CollisionCheckTest" time="0.001"/>
  <testcase name="tileCheckDownTest3" classname="Documents.main.CollisionCheckTest" time="0"/>
  <testcase name="entityCheckUp1" classname="Documents.main.CollisionCheckTest" time="0.003"/>
  <testcase name="entityCheckUp2" classname="Documents.main.CollisionCheckTest" time="0.003"/>
  <testcase name="objCheckDown1" classname="Documents.main.CollisionCheckTest" time="0"/>
  <testcase name="objCheckDown2" classname="Documents.main.CollisionCheckTest" time="0.001"/>
  <testcase name="objCheckDown3" classname="Documents.main.CollisionCheckTest" time="0"/>
  <testcase name="objCheckDown4" classname="Documents.main.CollisionCheckTest" time="0"/>
  <testcase name="objCheckLeft1" classname="Documents.main.CollisionCheckTest" time="0.001"/>
  <testcase name="objCheckLeft2" classname="Documents.main.CollisionCheckTest" time="0"/>
  <testcase name="objCheckLeft3" classname="Documents.main.CollisionCheckTest" time="0.001"/>
  <testcase name="objCheckLeft4" classname="Documents.main.CollisionCheckTest" time="0.001"/>
  <testcase name="tileCheckLeftTest1" classname="Documents.main.CollisionCheckTest" time="0"/>
  <testcase name="tileCheckLeftTest2" classname="Documents.main.CollisionCheckTest" time="0"/>
  <testcase name="tileCheckLeftTest3" classname="Documents.main.CollisionCheckTest" time="0"/>
  <testcase name="entityCheckRight1" classname="Documents.main.CollisionCheckTest" time="0.003"/>
  <testcase name="entityCheckRight2" classname="Documents.main.CollisionCheckTest" time="0.004"/>
  <testcase name="tileCheckUpTest1" classname="Documents.main.CollisionCheckTest" time="0"/>
  <testcase name="tileCheckUpTest2" classname="Documents.main.CollisionCheckTest" time="0"/>
  <testcase name="tileCheckUpTest3" classname="Documents.main.CollisionCheckTest" time="0"/>
</testsuite>